2026-01-12 13:40:46,527 | INFO | 🚀 Bot MT5 iniciado: EURUSD | ma_cross | cada 1min
2026-01-12 13:40:47,029 | INFO | 💰 Balance: $100,000.00 | Equity: $100,000.00
2026-01-12 13:40:47,029 | INFO | 📈 Estrategia: MACross_SMA_10_50
2026-01-12 13:40:50,122 | INFO | ⏳ Sin señal | Entry: False | Exit: False | Pos: False
2026-01-12 13:40:50,623 | INFO |    💵 Equity: $100,000.00
2026-01-12 13:41:51,612 | INFO | ⏳ Sin señal | Entry: False | Exit: False | Pos: False
2026-01-12 13:41:52,114 | INFO |    💵 Equity: $100,000.00
2026-01-12 13:42:53,050 | INFO | ⏳ Sin señal | Entry: False | Exit: False | Pos: False
2026-01-12 13:42:53,551 | INFO |    💵 Equity: $100,000.00
2026-01-12 13:43:03,534 | INFO | 🚀 Bot MT5 iniciado: EURUSD | ma_cross | cada 1min
2026-01-12 13:43:04,037 | INFO | 💰 Balance: $100,000.00 | Equity: $100,000.00
2026-01-12 13:43:04,037 | INFO | 📈 Estrategia: MACross_SMA_10_50
2026-01-12 13:43:05,615 | INFO | ⏳ Sin señal | Entry: False | Exit: False | Pos: False
2026-01-12 13:43:06,016 | INFO |    💵 Equity: $100,000.00
2026-01-12 13:43:54,526 | INFO | ⏳ Sin señal | Entry: False | Exit: False | Pos: False
2026-01-12 13:43:55,028 | INFO |    💵 Equity: $100,000.00
2026-01-12 13:44:06,525 | INFO | ⏳ Sin señal | Entry: False | Exit: False | Pos: False
2026-01-12 13:44:07,026 | INFO |    💵 Equity: $100,000.00
2026-01-12 13:44:55,599 | INFO | ⏳ Sin señal | Entry: False | Exit: False | Pos: False
2026-01-12 13:44:56,100 | INFO |    💵 Equity: $100,000.00
2026-01-12 13:45:08,072 | INFO | ⏳ Sin señal | Entry: False | Exit: False | Pos: False
2026-01-12 13:45:08,573 | INFO |    💵 Equity: $100,000.00
2026-01-12 13:45:56,634 | ERROR | $EURUSD=X: possibly delisted; no price data found  (period=60d)
2026-01-12 13:45:56,634 | WARNING | Sin datos suficientes para EURUSD
2026-01-12 13:46:09,556 | INFO | ⏳ Sin señal | Entry: False | Exit: False | Pos: False
2026-01-12 13:46:10,057 | INFO |    💵 Equity: $100,000.00
2026-01-12 13:46:57,570 | INFO | ⏳ Sin señal | Entry: False | Exit: False | Pos: False
2026-01-12 13:46:58,071 | INFO |    💵 Equity: $100,000.00
2026-01-12 13:47:10,615 | INFO | ⏳ Sin señal | Entry: False | Exit: False | Pos: False
2026-01-12 13:47:11,016 | INFO |    💵 Equity: $100,000.00
2026-01-12 13:47:58,534 | INFO | ⏳ Sin señal | Entry: False | Exit: False | Pos: False
2026-01-12 13:47:59,035 | INFO |    💵 Equity: $100,000.00
2026-01-12 13:48:11,532 | INFO | ⏳ Sin señal | Entry: False | Exit: False | Pos: False
2026-01-12 13:48:12,034 | INFO |    💵 Equity: $100,000.00
2026-01-12 13:48:59,598 | INFO | ⏳ Sin señal | Entry: False | Exit: False | Pos: False
2026-01-12 13:49:00,100 | INFO |    💵 Equity: $100,000.00
2026-01-12 13:49:12,571 | INFO | ⏳ Sin señal | Entry: False | Exit: False | Pos: False
2026-01-12 13:49:13,073 | INFO |    💵 Equity: $100,000.00
2026-01-12 13:50:01,057 | INFO | ⏳ Sin señal | Entry: False | Exit: False | Pos: False
2026-01-12 13:50:01,557 | INFO |    💵 Equity: $100,000.00
2026-01-12 13:50:14,037 | INFO | ⏳ Sin señal | Entry: False | Exit: False | Pos: False
2026-01-12 13:50:14,538 | INFO |    💵 Equity: $100,000.00
2026-01-12 13:51:02,088 | INFO | ⏳ Sin señal | Entry: False | Exit: False | Pos: False
2026-01-12 13:51:02,590 | INFO |    💵 Equity: $100,000.00
2026-01-12 13:51:15,581 | INFO | ⏳ Sin señal | Entry: False | Exit: False | Pos: False
2026-01-12 13:51:16,083 | INFO |    💵 Equity: $100,000.00
2026-01-12 13:52:03,538 | INFO | ⏳ Sin señal | Entry: False | Exit: False | Pos: False
2026-01-12 13:52:04,040 | INFO |    💵 Equity: $100,000.00
2026-01-12 13:52:16,615 | INFO | ⏳ Sin señal | Entry: False | Exit: False | Pos: False
2026-01-12 13:52:17,117 | INFO |    💵 Equity: $100,000.00
2026-01-12 13:53:04,523 | INFO | ⏳ Sin señal | Entry: False | Exit: False | Pos: False
2026-01-12 13:53:05,025 | INFO |    💵 Equity: $100,000.00
2026-01-12 13:53:18,039 | INFO | ⏳ Sin señal | Entry: False | Exit: False | Pos: False
2026-01-12 13:53:18,540 | INFO |    💵 Equity: $100,000.00
2026-01-12 13:54:05,574 | INFO | ⏳ Sin señal | Entry: False | Exit: False | Pos: False
2026-01-12 13:54:06,075 | INFO |    💵 Equity: $100,000.00
2026-01-12 13:54:19,044 | INFO | ⏳ Sin señal | Entry: False | Exit: False | Pos: False
2026-01-12 13:54:19,545 | INFO |    💵 Equity: $100,000.00
2026-01-12 13:55:06,550 | INFO | ⏳ Sin señal | Entry: False | Exit: False | Pos: False
2026-01-12 13:55:07,051 | INFO |    💵 Equity: $100,000.00
2026-01-12 13:55:20,069 | INFO | ⏳ Sin señal | Entry: False | Exit: False | Pos: False
2026-01-12 13:55:20,571 | INFO |    💵 Equity: $100,000.00
2026-01-12 13:56:07,547 | INFO | ⏳ Sin señal | Entry: False | Exit: False | Pos: False
2026-01-12 13:56:08,049 | INFO |    💵 Equity: $100,000.00
2026-01-12 13:56:21,091 | INFO | ⏳ Sin señal | Entry: False | Exit: False | Pos: False
2026-01-12 13:56:21,592 | INFO |    💵 Equity: $100,000.00
2026-01-12 13:57:08,594 | INFO | ⏳ Sin señal | Entry: False | Exit: False | Pos: False
2026-01-12 13:57:09,095 | INFO |    💵 Equity: $100,000.00
2026-01-12 13:57:22,110 | INFO | ⏳ Sin señal | Entry: False | Exit: False | Pos: False
2026-01-12 13:57:22,612 | INFO |    💵 Equity: $100,000.00
2026-01-12 13:58:09,589 | INFO | ⏳ Sin señal | Entry: False | Exit: False | Pos: False
2026-01-12 13:58:10,091 | INFO |    💵 Equity: $100,000.00
2026-01-12 13:58:23,559 | INFO | ⏳ Sin señal | Entry: False | Exit: False | Pos: False
2026-01-12 13:58:24,061 | INFO |    💵 Equity: $100,000.00
2026-01-12 13:59:11,019 | INFO | ⏳ Sin señal | Entry: False | Exit: False | Pos: False
2026-01-12 13:59:11,520 | INFO |    💵 Equity: $100,000.00
2026-01-12 13:59:24,576 | INFO | ⏳ Sin señal | Entry: False | Exit: False | Pos: False
2026-01-12 13:59:25,077 | INFO |    💵 Equity: $100,000.00
2026-01-12 14:00:12,066 | INFO | ⏳ Sin señal | Entry: False | Exit: False | Pos: False
2026-01-12 14:00:12,567 | INFO |    💵 Equity: $100,000.00
2026-01-12 14:00:25,609 | INFO | ⏳ Sin señal | Entry: False | Exit: False | Pos: False
2026-01-12 14:00:26,110 | INFO |    💵 Equity: $100,000.00
2026-01-12 14:01:13,039 | INFO | ⏳ Sin señal | Entry: False | Exit: False | Pos: False
2026-01-12 14:01:13,540 | INFO |    💵 Equity: $100,000.00
2026-01-12 14:01:27,059 | INFO | ⏳ Sin señal | Entry: False | Exit: False | Pos: False
2026-01-12 14:01:27,560 | INFO |    💵 Equity: $100,000.00
2026-01-12 14:02:14,080 | INFO | ⏳ Sin señal | Entry: False | Exit: False | Pos: False
2026-01-12 14:02:14,581 | INFO |    💵 Equity: $100,000.00
2026-01-12 14:02:28,063 | INFO | ⏳ Sin señal | Entry: False | Exit: False | Pos: False
2026-01-12 14:02:28,564 | INFO |    💵 Equity: $100,000.00
2026-01-12 14:03:15,552 | INFO | ⏳ Sin señal | Entry: False | Exit: False | Pos: False
2026-01-12 14:03:16,053 | INFO |    💵 Equity: $100,000.00
2026-01-12 14:03:29,070 | INFO | ⏳ Sin señal | Entry: False | Exit: False | Pos: False
2026-01-12 14:03:29,571 | INFO |    💵 Equity: $100,000.00
2026-01-12 14:04:16,581 | INFO | ⏳ Sin señal | Entry: False | Exit: False | Pos: False
2026-01-12 14:04:17,083 | INFO |    💵 Equity: $100,000.00
2026-01-12 14:04:30,080 | INFO | ⏳ Sin señal | Entry: False | Exit: False | Pos: False
2026-01-12 14:04:30,581 | INFO |    💵 Equity: $100,000.00
2026-01-12 14:05:18,031 | INFO | ⏳ Sin señal | Entry: False | Exit: False | Pos: False
2026-01-12 14:05:18,533 | INFO |    💵 Equity: $100,000.00
2026-01-12 14:05:31,103 | INFO | ⏳ Sin señal | Entry: False | Exit: False | Pos: False
2026-01-12 14:05:31,605 | INFO |    💵 Equity: $100,000.00
2026-01-12 14:06:19,097 | INFO | ⏳ Sin señal | Entry: False | Exit: False | Pos: False
2026-01-12 14:06:19,599 | INFO |    💵 Equity: $100,000.00
2026-01-12 14:06:32,534 | INFO | ⏳ Sin señal | Entry: False | Exit: False | Pos: False
2026-01-12 14:06:33,035 | INFO |    💵 Equity: $100,000.00
2026-01-12 14:07:20,550 | INFO | ⏳ Sin señal | Entry: False | Exit: False | Pos: False
2026-01-12 14:07:21,052 | INFO |    💵 Equity: $100,000.00
2026-01-12 14:07:33,571 | INFO | ⏳ Sin señal | Entry: False | Exit: False | Pos: False
2026-01-12 14:07:34,072 | INFO |    💵 Equity: $100,000.00
2026-01-12 14:08:21,591 | INFO | ⏳ Sin señal | Entry: False | Exit: False | Pos: False
2026-01-12 14:08:22,092 | INFO |    💵 Equity: $100,000.00
2026-01-12 14:08:34,575 | INFO | ⏳ Sin señal | Entry: False | Exit: False | Pos: False
2026-01-12 14:08:35,076 | INFO |    💵 Equity: $100,000.00
2026-01-12 14:09:23,025 | INFO | ⏳ Sin señal | Entry: False | Exit: False | Pos: False
2026-01-12 14:09:23,527 | INFO |    💵 Equity: $100,000.00
2026-01-12 14:09:35,594 | INFO | ⏳ Sin señal | Entry: False | Exit: False | Pos: False
2026-01-12 14:09:36,095 | INFO |    💵 Equity: $100,000.00
2026-01-12 14:10:24,065 | INFO | ⏳ Sin señal | Entry: False | Exit: False | Pos: False
2026-01-12 14:10:24,566 | INFO |    💵 Equity: $100,000.00
2026-01-12 14:10:36,557 | INFO | ⏳ Sin señal | Entry: False | Exit: False | Pos: False
2026-01-12 14:10:37,059 | INFO |    💵 Equity: $100,000.00
2026-01-12 14:11:25,621 | INFO | ⏳ Sin señal | Entry: False | Exit: False | Pos: False
2026-01-12 14:11:26,023 | INFO |    💵 Equity: $100,000.00
2026-01-12 14:11:38,079 | INFO | ⏳ Sin señal | Entry: False | Exit: False | Pos: False
2026-01-12 14:11:38,582 | INFO |    💵 Equity: $100,000.00
2026-01-12 14:12:27,099 | INFO | ⏳ Sin señal | Entry: False | Exit: False | Pos: False
2026-01-12 14:12:27,601 | INFO |    💵 Equity: $100,000.00
2026-01-12 14:12:39,545 | INFO | ⏳ Sin señal | Entry: False | Exit: False | Pos: False
2026-01-12 14:12:40,047 | INFO |    💵 Equity: $100,000.00
2026-01-12 14:13:28,537 | INFO | ⏳ Sin señal | Entry: False | Exit: False | Pos: False
2026-01-12 14:13:29,039 | INFO |    💵 Equity: $100,000.00
2026-01-12 14:13:40,563 | INFO | ⏳ Sin señal | Entry: False | Exit: False | Pos: False
2026-01-12 14:13:41,066 | INFO |    💵 Equity: $100,000.00
2026-01-12 14:14:29,565 | INFO | ⏳ Sin señal | Entry: False | Exit: False | Pos: False
2026-01-12 14:14:30,067 | INFO |    💵 Equity: $100,000.00
2026-01-12 14:14:55,547 | INFO | ⏳ Sin señal | Entry: False | Exit: False | Pos: False
2026-01-12 14:14:56,049 | INFO |    💵 Equity: $100,000.00
2026-01-12 14:15:30,580 | INFO | ⏳ Sin señal | Entry: False | Exit: False | Pos: False
2026-01-12 14:15:31,082 | INFO |    💵 Equity: $100,000.00
2026-01-12 14:15:56,559 | INFO | ⏳ Sin señal | Entry: False | Exit: False | Pos: False
2026-01-12 14:15:57,060 | INFO |    💵 Equity: $100,000.00
2026-01-12 14:16:31,620 | INFO | ⏳ Sin señal | Entry: False | Exit: False | Pos: False
2026-01-12 14:16:32,022 | INFO |    💵 Equity: $100,000.00
2026-01-12 14:16:57,602 | INFO | ⏳ Sin señal | Entry: False | Exit: False | Pos: False
2026-01-12 14:16:58,104 | INFO |    💵 Equity: $100,000.00
2026-01-12 14:17:32,567 | INFO | ⏳ Sin señal | Entry: False | Exit: False | Pos: False
2026-01-12 14:17:33,069 | INFO |    💵 Equity: $100,000.00
2026-01-12 14:17:59,030 | INFO | ⏳ Sin señal | Entry: False | Exit: False | Pos: False
2026-01-12 14:17:59,532 | INFO |    💵 Equity: $100,000.00
2026-01-12 14:18:33,612 | INFO | ⏳ Sin señal | Entry: False | Exit: False | Pos: False
2026-01-12 14:18:34,114 | INFO |    💵 Equity: $100,000.00
2026-01-12 14:19:00,061 | INFO | ⏳ Sin señal | Entry: False | Exit: False | Pos: False
2026-01-12 14:19:00,563 | INFO |    💵 Equity: $100,000.00
2026-01-12 14:19:35,054 | INFO | ⏳ Sin señal | Entry: False | Exit: False | Pos: False
2026-01-12 14:19:35,557 | INFO |    💵 Equity: $100,000.00
2026-01-12 14:20:01,022 | INFO | ⏳ Sin señal | Entry: False | Exit: False | Pos: False
2026-01-12 14:20:01,525 | INFO |    💵 Equity: $100,000.00
2026-01-12 14:20:36,107 | INFO | ⏳ Sin señal | Entry: False | Exit: False | Pos: False
2026-01-12 14:20:36,508 | INFO |    💵 Equity: $100,000.00
2026-01-12 14:21:02,078 | INFO | ⏳ Sin señal | Entry: False | Exit: False | Pos: False
2026-01-12 14:21:02,580 | INFO |    💵 Equity: $100,000.00
2026-01-12 14:21:37,113 | INFO | ⏳ Sin señal | Entry: False | Exit: False | Pos: False
2026-01-12 14:21:37,614 | INFO |    💵 Equity: $100,000.00
2026-01-12 14:22:03,621 | INFO | ⏳ Sin señal | Entry: False | Exit: False | Pos: False
2026-01-12 14:22:04,123 | INFO |    💵 Equity: $100,000.00
2026-01-12 14:22:38,566 | INFO | ⏳ Sin señal | Entry: False | Exit: False | Pos: False
2026-01-12 14:22:39,068 | INFO |    💵 Equity: $100,000.00
2026-01-12 14:23:05,039 | INFO | ⏳ Sin señal | Entry: False | Exit: False | Pos: False
2026-01-12 14:23:05,541 | INFO |    💵 Equity: $100,000.00
2026-01-12 14:23:39,539 | INFO | ⏳ Sin señal | Entry: False | Exit: False | Pos: False
2026-01-12 14:23:40,041 | INFO |    💵 Equity: $100,000.00
2026-01-12 14:24:06,093 | INFO | ⏳ Sin señal | Entry: False | Exit: False | Pos: False
2026-01-12 14:24:06,596 | INFO |    💵 Equity: $100,000.00
2026-01-12 14:24:40,541 | INFO | ⏳ Sin señal | Entry: False | Exit: False | Pos: False
2026-01-12 14:24:41,043 | INFO |    💵 Equity: $100,000.00
2026-01-12 14:25:07,109 | INFO | ⏳ Sin señal | Entry: False | Exit: False | Pos: False
2026-01-12 14:25:07,610 | INFO |    💵 Equity: $100,000.00
2026-01-12 14:25:41,592 | INFO | ⏳ Sin señal | Entry: False | Exit: False | Pos: False
2026-01-12 14:25:42,094 | INFO |    💵 Equity: $100,000.00
2026-01-12 14:26:08,562 | INFO | ⏳ Sin señal | Entry: False | Exit: False | Pos: False
2026-01-12 14:26:09,064 | INFO |    💵 Equity: $100,000.00
2026-01-12 14:26:43,105 | INFO | ⏳ Sin señal | Entry: False | Exit: False | Pos: False
2026-01-12 14:26:43,607 | INFO |    💵 Equity: $100,000.00
2026-01-12 14:27:09,578 | INFO | ⏳ Sin señal | Entry: False | Exit: False | Pos: False
2026-01-12 14:27:10,080 | INFO |    💵 Equity: $100,000.00
2026-01-12 14:27:44,593 | INFO | ⏳ Sin señal | Entry: False | Exit: False | Pos: False
2026-01-12 14:27:45,095 | INFO |    💵 Equity: $100,000.00
2026-01-12 14:28:19,527 | INFO | ⏳ Sin señal | Entry: False | Exit: False | Pos: False
2026-01-12 14:28:20,029 | INFO |    💵 Equity: $100,000.00
2026-01-12 14:28:45,584 | INFO | ⏳ Sin señal | Entry: False | Exit: False | Pos: False
2026-01-12 14:28:46,085 | INFO |    💵 Equity: $100,000.00
2026-01-12 14:29:21,027 | INFO | ⏳ Sin señal | Entry: False | Exit: False | Pos: False
2026-01-12 14:29:21,529 | INFO |    💵 Equity: $100,000.00
2026-01-12 14:29:47,041 | INFO | ⏳ Sin señal | Entry: False | Exit: False | Pos: False
2026-01-12 14:29:47,544 | INFO |    💵 Equity: $100,000.00
2026-01-12 14:30:22,088 | INFO | ⏳ Sin señal | Entry: False | Exit: False | Pos: False
2026-01-12 14:30:22,590 | INFO |    💵 Equity: $100,000.00
2026-01-12 14:30:48,529 | INFO | ⏳ Sin señal | Entry: False | Exit: False | Pos: False
2026-01-12 14:30:49,031 | INFO |    💵 Equity: $100,000.00
2026-01-12 14:31:23,562 | INFO | ⏳ Sin señal | Entry: False | Exit: False | Pos: False
2026-01-12 14:31:24,064 | INFO |    💵 Equity: $100,000.00
2026-01-12 14:31:49,585 | INFO | ⏳ Sin señal | Entry: False | Exit: False | Pos: False
2026-01-12 14:31:50,087 | INFO |    💵 Equity: $100,000.00
2026-01-12 14:32:24,563 | INFO | ⏳ Sin señal | Entry: False | Exit: False | Pos: False
2026-01-12 14:32:25,064 | INFO |    💵 Equity: $100,000.00
2026-01-12 14:32:51,047 | INFO | ⏳ Sin señal | Entry: False | Exit: False | Pos: False
2026-01-12 14:32:51,549 | INFO |    💵 Equity: $100,000.00
2026-01-12 14:33:25,588 | INFO | ⏳ Sin señal | Entry: False | Exit: False | Pos: False
2026-01-12 14:33:26,091 | INFO |    💵 Equity: $100,000.00
2026-01-12 14:33:52,034 | INFO | ⏳ Sin señal | Entry: False | Exit: False | Pos: False
2026-01-12 14:33:52,536 | INFO |    💵 Equity: $100,000.00
2026-01-12 14:34:27,119 | INFO | ⏳ Sin señal | Entry: False | Exit: False | Pos: False
2026-01-12 14:34:27,521 | INFO |    💵 Equity: $100,000.00
2026-01-12 14:34:53,075 | INFO | ⏳ Sin señal | Entry: False | Exit: False | Pos: False
2026-01-12 14:34:53,577 | INFO |    💵 Equity: $100,000.00
2026-01-12 14:35:28,040 | INFO | ⏳ Sin señal | Entry: False | Exit: False | Pos: False
2026-01-12 14:35:28,542 | INFO |    💵 Equity: $100,000.00
2026-01-12 14:35:54,055 | INFO | ⏳ Sin señal | Entry: False | Exit: False | Pos: False
2026-01-12 14:35:54,557 | INFO |    💵 Equity: $100,000.00
2026-01-12 14:36:29,057 | INFO | ⏳ Sin señal | Entry: False | Exit: False | Pos: False
2026-01-12 14:36:29,559 | INFO |    💵 Equity: $100,000.00
2026-01-12 14:36:55,094 | INFO | ⏳ Sin señal | Entry: False | Exit: False | Pos: False
2026-01-12 14:36:55,596 | INFO |    💵 Equity: $100,000.00
2026-01-12 14:37:30,103 | INFO | ⏳ Sin señal | Entry: False | Exit: False | Pos: False
2026-01-12 14:37:30,606 | INFO |    💵 Equity: $100,000.00
2026-01-12 14:37:56,578 | INFO | ⏳ Sin señal | Entry: False | Exit: False | Pos: False
2026-01-12 14:37:57,081 | INFO |    💵 Equity: $100,000.00
2026-01-12 14:38:31,523 | INFO | ⏳ Sin señal | Entry: False | Exit: False | Pos: False
2026-01-12 14:38:32,025 | INFO |    💵 Equity: $100,000.00
2026-01-12 14:38:58,024 | INFO | ⏳ Sin señal | Entry: False | Exit: False | Pos: False
2026-01-12 14:38:58,526 | INFO |    💵 Equity: $100,000.00
2026-01-12 14:39:32,584 | INFO | ⏳ Sin señal | Entry: False | Exit: False | Pos: False
2026-01-12 14:39:33,086 | INFO |    💵 Equity: $100,000.00
2026-01-12 14:39:59,059 | INFO | ⏳ Sin señal | Entry: False | Exit: False | Pos: False
2026-01-12 14:39:59,561 | INFO |    💵 Equity: $100,000.00
2026-01-12 14:40:33,539 | INFO | ⏳ Sin señal | Entry: False | Exit: False | Pos: False
2026-01-12 14:40:34,042 | INFO |    💵 Equity: $100,000.00
2026-01-12 14:41:00,090 | INFO | ⏳ Sin señal | Entry: False | Exit: False | Pos: False
2026-01-12 14:41:00,593 | INFO |    💵 Equity: $100,000.00
2026-01-12 14:41:34,557 | INFO | ⏳ Sin señal | Entry: False | Exit: False | Pos: False
2026-01-12 14:41:35,058 | INFO |    💵 Equity: $100,000.00
2026-01-12 14:42:01,539 | INFO | ⏳ Sin señal | Entry: False | Exit: False | Pos: False
2026-01-12 14:42:02,042 | INFO |    💵 Equity: $100,000.00
2026-01-12 14:42:35,609 | INFO | ⏳ Sin señal | Entry: False | Exit: False | Pos: False
2026-01-12 14:42:36,111 | INFO |    💵 Equity: $100,000.00
2026-01-12 14:43:02,619 | INFO | ⏳ Sin señal | Entry: False | Exit: False | Pos: False
2026-01-12 14:43:03,121 | INFO |    💵 Equity: $100,000.00
2026-01-12 14:43:37,051 | INFO | ⏳ Sin señal | Entry: False | Exit: False | Pos: False
2026-01-12 14:43:37,553 | INFO |    💵 Equity: $100,000.00
2026-01-12 14:44:03,597 | INFO | ⏳ Sin señal | Entry: False | Exit: False | Pos: False
2026-01-12 14:44:04,098 | INFO |    💵 Equity: $100,000.00
2026-01-12 14:44:38,107 | INFO | ⏳ Sin señal | Entry: False | Exit: False | Pos: False
2026-01-12 14:44:38,609 | INFO |    💵 Equity: $100,000.00
2026-01-12 14:45:04,570 | INFO | ⏳ Sin señal | Entry: False | Exit: False | Pos: False
2026-01-12 14:45:05,071 | INFO |    💵 Equity: $100,000.00
2026-01-12 14:45:39,527 | INFO | ⏳ Sin señal | Entry: False | Exit: False | Pos: False
2026-01-12 14:45:40,029 | INFO |    💵 Equity: $100,000.00
2026-01-12 14:46:05,606 | INFO | ⏳ Sin señal | Entry: False | Exit: False | Pos: False
2026-01-12 14:46:06,108 | INFO |    💵 Equity: $100,000.00
2026-01-12 14:46:41,106 | INFO | ⏳ Sin señal | Entry: False | Exit: False | Pos: False
2026-01-12 14:46:41,608 | INFO |    💵 Equity: $100,000.00
2026-01-12 14:47:07,054 | INFO | ⏳ Sin señal | Entry: False | Exit: False | Pos: False
2026-01-12 14:47:07,555 | INFO |    💵 Equity: $100,000.00
2026-01-12 14:47:42,053 | INFO | ⏳ Sin señal | Entry: False | Exit: False | Pos: False
2026-01-12 14:47:42,554 | INFO |    💵 Equity: $100,000.00
2026-01-12 14:48:08,109 | INFO | ⏳ Sin señal | Entry: False | Exit: False | Pos: False
2026-01-12 14:48:08,610 | INFO |    💵 Equity: $100,000.00
2026-01-12 14:48:43,094 | INFO | ⏳ Sin señal | Entry: False | Exit: False | Pos: False
2026-01-12 14:48:43,595 | INFO |    💵 Equity: $100,000.00
2026-01-12 14:49:09,541 | INFO | ⏳ Sin señal | Entry: False | Exit: False | Pos: False
2026-01-12 14:49:10,043 | INFO |    💵 Equity: $100,000.00
2026-01-12 14:49:44,049 | INFO | ⏳ Sin señal | Entry: False | Exit: False | Pos: False
2026-01-12 14:49:44,551 | INFO |    💵 Equity: $100,000.00
2026-01-12 14:50:10,586 | INFO | ⏳ Sin señal | Entry: False | Exit: False | Pos: False
2026-01-12 14:50:11,088 | INFO |    💵 Equity: $100,000.00
2026-01-12 14:50:45,091 | INFO | ⏳ Sin señal | Entry: False | Exit: False | Pos: False
2026-01-12 14:50:45,593 | INFO |    💵 Equity: $100,000.00
2026-01-12 14:51:12,025 | INFO | ⏳ Sin señal | Entry: False | Exit: False | Pos: False
2026-01-12 14:51:12,527 | INFO |    💵 Equity: $100,000.00
2026-01-12 14:51:46,535 | INFO | ⏳ Sin señal | Entry: False | Exit: False | Pos: False
2026-01-12 14:51:47,036 | INFO |    💵 Equity: $100,000.00
2026-01-12 14:52:13,069 | INFO | ⏳ Sin señal | Entry: False | Exit: False | Pos: False
2026-01-12 14:52:13,570 | INFO |    💵 Equity: $100,000.00
2026-01-12 14:52:47,550 | INFO | ⏳ Sin señal | Entry: False | Exit: False | Pos: False
2026-01-12 14:52:48,051 | INFO |    💵 Equity: $100,000.00
2026-01-12 14:53:14,110 | INFO | ⏳ Sin señal | Entry: False | Exit: False | Pos: False
2026-01-12 14:53:14,612 | INFO |    💵 Equity: $100,000.00
2026-01-12 14:53:48,594 | INFO | ⏳ Sin señal | Entry: False | Exit: False | Pos: False
2026-01-12 14:53:49,095 | INFO |    💵 Equity: $100,000.00
2026-01-12 14:54:15,083 | INFO | ⏳ Sin señal | Entry: False | Exit: False | Pos: False
2026-01-12 14:54:15,585 | INFO |    💵 Equity: $100,000.00
2026-01-12 14:54:50,025 | INFO | ⏳ Sin señal | Entry: False | Exit: False | Pos: False
2026-01-12 14:54:50,527 | INFO |    💵 Equity: $100,000.00
2026-01-12 14:55:16,559 | INFO | ⏳ Sin señal | Entry: False | Exit: False | Pos: False
2026-01-12 14:55:17,060 | INFO |    💵 Equity: $100,000.00
2026-01-12 14:55:51,066 | INFO | ⏳ Sin señal | Entry: False | Exit: False | Pos: False
2026-01-12 14:55:51,567 | INFO |    💵 Equity: $100,000.00
2026-01-12 14:56:18,533 | INFO | ⏳ Sin señal | Entry: False | Exit: False | Pos: False
2026-01-12 14:56:19,035 | INFO |    💵 Equity: $100,000.00
2026-01-12 14:56:52,100 | INFO | ⏳ Sin señal | Entry: False | Exit: False | Pos: False
2026-01-12 14:56:52,601 | INFO |    💵 Equity: $100,000.00
2026-01-12 14:57:19,549 | INFO | ⏳ Sin señal | Entry: False | Exit: False | Pos: False
2026-01-12 14:57:20,050 | INFO |    💵 Equity: $100,000.00
2026-01-12 14:57:53,106 | INFO | ⏳ Sin señal | Entry: False | Exit: False | Pos: False
2026-01-12 14:57:53,608 | INFO |    💵 Equity: $100,000.00
2026-01-12 14:58:21,111 | INFO | ⏳ Sin señal | Entry: False | Exit: False | Pos: False
2026-01-12 14:58:21,612 | INFO |    💵 Equity: $100,000.00
2026-01-12 14:58:55,034 | INFO | ⏳ Sin señal | Entry: False | Exit: False | Pos: False
2026-01-12 14:58:55,536 | INFO |    💵 Equity: $100,000.00
2026-01-12 14:59:22,081 | INFO | ⏳ Sin señal | Entry: False | Exit: False | Pos: False
2026-01-12 14:59:22,583 | INFO |    💵 Equity: $100,000.00
2026-01-12 14:59:56,103 | INFO | ⏳ Sin señal | Entry: False | Exit: False | Pos: False
2026-01-12 14:59:56,605 | INFO |    💵 Equity: $100,000.00
2026-01-12 15:00:23,035 | INFO | ⏳ Sin señal | Entry: False | Exit: False | Pos: False
2026-01-12 15:00:23,537 | INFO |    💵 Equity: $100,000.00
2026-01-12 15:00:57,089 | INFO | ⏳ Sin señal | Entry: False | Exit: False | Pos: False
2026-01-12 15:00:57,591 | INFO |    💵 Equity: $100,000.00
2026-01-12 15:01:24,088 | INFO | ⏳ Sin señal | Entry: False | Exit: False | Pos: False
2026-01-12 15:01:24,590 | INFO |    💵 Equity: $100,000.00
2026-01-12 15:01:58,054 | INFO | ⏳ Sin señal | Entry: False | Exit: False | Pos: False
2026-01-12 15:01:58,555 | INFO |    💵 Equity: $100,000.00
2026-01-12 15:02:25,047 | INFO | ⏳ Sin señal | Entry: False | Exit: False | Pos: False
2026-01-12 15:02:25,549 | INFO |    💵 Equity: $100,000.00
2026-01-12 15:02:59,596 | INFO | ⏳ Sin señal | Entry: False | Exit: False | Pos: False
2026-01-12 15:03:00,098 | INFO |    💵 Equity: $100,000.00
2026-01-12 15:03:26,100 | INFO | ⏳ Sin señal | Entry: False | Exit: False | Pos: False
2026-01-12 15:03:26,601 | INFO |    💵 Equity: $100,000.00
2026-01-12 15:04:00,558 | INFO | ⏳ Sin señal | Entry: False | Exit: False | Pos: False
2026-01-12 15:04:01,060 | INFO |    💵 Equity: $100,000.00
2026-01-12 15:04:27,588 | INFO | ⏳ Sin señal | Entry: False | Exit: False | Pos: False
2026-01-12 15:04:28,089 | INFO |    💵 Equity: $100,000.00
2026-01-12 15:05:01,544 | INFO | ⏳ Sin señal | Entry: False | Exit: False | Pos: False
2026-01-12 15:05:02,046 | INFO |    💵 Equity: $100,000.00
2026-01-12 15:05:28,532 | INFO | ⏳ Sin señal | Entry: False | Exit: False | Pos: False
2026-01-12 15:05:29,034 | INFO |    💵 Equity: $100,000.00
2026-01-12 15:06:02,529 | INFO | ⏳ Sin señal | Entry: False | Exit: False | Pos: False
2026-01-12 15:06:03,030 | INFO |    💵 Equity: $100,000.00
2026-01-12 15:06:30,093 | INFO | ⏳ Sin señal | Entry: False | Exit: False | Pos: False
2026-01-12 15:06:30,595 | INFO |    💵 Equity: $100,000.00
2026-01-12 15:07:03,600 | INFO | ⏳ Sin señal | Entry: False | Exit: False | Pos: False
2026-01-12 15:07:04,102 | INFO |    💵 Equity: $100,000.00
2026-01-12 15:07:31,050 | INFO | ⏳ Sin señal | Entry: False | Exit: False | Pos: False
2026-01-12 15:07:31,551 | INFO |    💵 Equity: $100,000.00
2026-01-12 15:08:04,571 | INFO | ⏳ Sin señal | Entry: False | Exit: False | Pos: False
2026-01-12 15:08:05,073 | INFO |    💵 Equity: $100,000.00
2026-01-12 15:08:32,066 | INFO | ⏳ Sin señal | Entry: False | Exit: False | Pos: False
2026-01-12 15:08:32,567 | INFO |    💵 Equity: $100,000.00
2026-01-12 15:09:05,546 | INFO | ⏳ Sin señal | Entry: False | Exit: False | Pos: False
2026-01-12 15:09:06,047 | INFO |    💵 Equity: $100,000.00
2026-01-12 15:09:33,077 | INFO | ⏳ Sin señal | Entry: False | Exit: False | Pos: False
2026-01-12 15:09:33,578 | INFO |    💵 Equity: $100,000.00
2026-01-12 15:10:06,618 | INFO | ⏳ Sin señal | Entry: False | Exit: False | Pos: False
2026-01-12 15:10:07,120 | INFO |    💵 Equity: $100,000.00
2026-01-12 15:10:34,092 | INFO | ⏳ Sin señal | Entry: False | Exit: False | Pos: False
2026-01-12 15:10:34,594 | INFO |    💵 Equity: $100,000.00
2026-01-12 15:11:07,595 | INFO | ⏳ Sin señal | Entry: False | Exit: False | Pos: False
2026-01-12 15:11:08,097 | INFO |    💵 Equity: $100,000.00
2026-01-12 15:11:35,047 | INFO | ⏳ Sin señal | Entry: False | Exit: False | Pos: False
2026-01-12 15:11:35,548 | INFO |    💵 Equity: $100,000.00
2026-01-12 15:12:08,569 | INFO | ⏳ Sin señal | Entry: False | Exit: False | Pos: False
2026-01-12 15:12:09,071 | INFO |    💵 Equity: $100,000.00
2026-01-12 15:12:36,068 | INFO | ⏳ Sin señal | Entry: False | Exit: False | Pos: False
2026-01-12 15:12:36,570 | INFO |    💵 Equity: $100,000.00
2026-01-12 15:13:09,550 | INFO | ⏳ Sin señal | Entry: False | Exit: False | Pos: False
2026-01-12 15:13:10,052 | INFO |    💵 Equity: $100,000.00
2026-01-12 15:13:37,087 | INFO | ⏳ Sin señal | Entry: False | Exit: False | Pos: False
2026-01-12 15:13:37,588 | INFO |    💵 Equity: $100,000.00
2026-01-12 15:14:10,548 | INFO | ⏳ Sin señal | Entry: False | Exit: False | Pos: False
2026-01-12 15:14:11,050 | INFO |    💵 Equity: $100,000.00
2026-01-12 15:14:38,105 | INFO | ⏳ Sin señal | Entry: False | Exit: False | Pos: False
2026-01-12 15:14:38,607 | INFO |    💵 Equity: $100,000.00
2026-01-12 15:15:11,530 | INFO | ⏳ Sin señal | Entry: False | Exit: False | Pos: False
2026-01-12 15:15:12,032 | INFO |    💵 Equity: $100,000.00
2026-01-12 15:15:39,062 | INFO | ⏳ Sin señal | Entry: False | Exit: False | Pos: False
2026-01-12 15:15:39,564 | INFO |    💵 Equity: $100,000.00
2026-01-12 15:16:12,563 | INFO | ⏳ Sin señal | Entry: False | Exit: False | Pos: False
2026-01-12 15:16:13,066 | INFO |    💵 Equity: $100,000.00
2026-01-12 15:16:40,016 | INFO | ⏳ Sin señal | Entry: False | Exit: False | Pos: False
2026-01-12 15:16:40,518 | INFO |    💵 Equity: $100,000.00
2026-01-12 15:17:13,521 | INFO | ⏳ Sin señal | Entry: False | Exit: False | Pos: False
2026-01-12 15:17:14,023 | INFO |    💵 Equity: $100,000.00
2026-01-12 15:17:41,038 | INFO | ⏳ Sin señal | Entry: False | Exit: False | Pos: False
2026-01-12 15:17:41,540 | INFO |    💵 Equity: $100,000.00
2026-01-12 15:18:14,606 | INFO | ⏳ Sin señal | Entry: False | Exit: False | Pos: False
2026-01-12 15:18:15,108 | INFO |    💵 Equity: $100,000.00
2026-01-12 15:18:42,109 | INFO | ⏳ Sin señal | Entry: False | Exit: False | Pos: False
2026-01-12 15:18:42,611 | INFO |    💵 Equity: $100,000.00
2026-01-12 15:19:15,560 | INFO | ⏳ Sin señal | Entry: False | Exit: False | Pos: False
2026-01-12 15:19:16,062 | INFO |    💵 Equity: $100,000.00
2026-01-12 15:19:43,116 | INFO | ⏳ Sin señal | Entry: False | Exit: False | Pos: False
2026-01-12 15:19:43,618 | INFO |    💵 Equity: $100,000.00
2026-01-12 15:20:17,083 | INFO | ⏳ Sin señal | Entry: False | Exit: False | Pos: False
2026-01-12 15:20:17,585 | INFO |    💵 Equity: $100,000.00
2026-01-12 15:20:44,529 | INFO | ⏳ Sin señal | Entry: False | Exit: False | Pos: False
2026-01-12 15:20:45,031 | INFO |    💵 Equity: $100,000.00
2026-01-12 15:21:18,040 | INFO | ⏳ Sin señal | Entry: False | Exit: False | Pos: False
2026-01-12 15:21:18,541 | INFO |    💵 Equity: $100,000.00
2026-01-12 15:21:45,586 | INFO | ⏳ Sin señal | Entry: False | Exit: False | Pos: False
2026-01-12 15:21:46,088 | INFO |    💵 Equity: $100,000.00
2026-01-12 15:22:19,097 | INFO | ⏳ Sin señal | Entry: False | Exit: False | Pos: False
2026-01-12 15:22:19,599 | INFO |    💵 Equity: $100,000.00
2026-01-12 15:22:46,523 | INFO | ⏳ Sin señal | Entry: False | Exit: False | Pos: False
2026-01-12 15:22:47,024 | INFO |    💵 Equity: $100,000.00
2026-01-12 15:23:20,051 | INFO | ⏳ Sin señal | Entry: False | Exit: False | Pos: False
2026-01-12 15:23:20,553 | INFO |    💵 Equity: $100,000.00
2026-01-12 15:23:47,550 | INFO | ⏳ Sin señal | Entry: False | Exit: False | Pos: False
2026-01-12 15:23:48,052 | INFO |    💵 Equity: $100,000.00
2026-01-12 15:24:21,020 | INFO | ⏳ Sin señal | Entry: False | Exit: False | Pos: False
2026-01-12 15:24:21,522 | INFO |    💵 Equity: $100,000.00
2026-01-12 15:24:48,574 | INFO | ⏳ Sin señal | Entry: False | Exit: False | Pos: False
2026-01-12 15:24:49,076 | INFO |    💵 Equity: $100,000.00
2026-01-12 15:25:22,088 | INFO | ⏳ Sin señal | Entry: False | Exit: False | Pos: False
2026-01-12 15:25:22,590 | INFO |    💵 Equity: $100,000.00
2026-01-12 15:25:49,516 | INFO | ⏳ Sin señal | Entry: False | Exit: False | Pos: False
2026-01-12 15:25:50,017 | INFO |    💵 Equity: $100,000.00
2026-01-12 15:26:23,055 | INFO | ⏳ Sin señal | Entry: False | Exit: False | Pos: False
2026-01-12 15:26:23,557 | INFO |    💵 Equity: $100,000.00
2026-01-12 15:26:50,612 | INFO | ⏳ Sin señal | Entry: False | Exit: False | Pos: False
2026-01-12 15:26:51,115 | INFO |    💵 Equity: $100,000.00
2026-01-12 15:27:24,122 | INFO | ⏳ Sin señal | Entry: False | Exit: False | Pos: False
2026-01-12 15:27:24,524 | INFO |    💵 Equity: $100,000.00
2026-01-12 15:28:01,183 | ERROR | $EURUSD=X: possibly delisted; no price data found  (period=60d)
2026-01-12 15:28:01,183 | WARNING | Sin datos suficientes para EURUSD
2026-01-12 15:28:27,578 | INFO | ⏳ Sin señal | Entry: False | Exit: False | Pos: False
2026-01-12 15:28:28,080 | INFO |    💵 Equity: $100,000.00
2026-01-12 15:29:02,105 | INFO | ⏳ Sin señal | Entry: False | Exit: False | Pos: False
2026-01-12 15:29:02,606 | INFO |    💵 Equity: $100,000.00
2026-01-12 15:29:28,547 | INFO | ⏳ Sin señal | Entry: False | Exit: False | Pos: False
2026-01-12 15:29:29,049 | INFO |    💵 Equity: $100,000.00
2026-01-12 15:30:03,590 | INFO | ⏳ Sin señal | Entry: False | Exit: False | Pos: False
2026-01-12 15:30:04,091 | INFO |    💵 Equity: $100,000.00
2026-01-12 15:30:30,116 | INFO | ⏳ Sin señal | Entry: False | Exit: False | Pos: False
2026-01-12 15:30:30,517 | INFO |    💵 Equity: $100,000.00
2026-01-12 15:31:04,596 | INFO | ⏳ Sin señal | Entry: False | Exit: False | Pos: False
2026-01-12 15:31:05,098 | INFO |    💵 Equity: $100,000.00
2026-01-12 15:31:31,090 | INFO | ⏳ Sin señal | Entry: False | Exit: False | Pos: False
2026-01-12 15:31:31,592 | INFO |    💵 Equity: $100,000.00
2026-01-12 15:32:05,558 | INFO | ⏳ Sin señal | Entry: False | Exit: False | Pos: False
2026-01-12 15:32:06,060 | INFO |    💵 Equity: $100,000.00
2026-01-12 15:32:32,073 | INFO | ⏳ Sin señal | Entry: False | Exit: False | Pos: False
2026-01-12 15:32:32,574 | INFO |    💵 Equity: $100,000.00
2026-01-12 15:33:06,534 | INFO | ⏳ Sin señal | Entry: False | Exit: False | Pos: False
2026-01-12 15:33:07,035 | INFO |    💵 Equity: $100,000.00
2026-01-12 15:33:33,036 | INFO | ⏳ Sin señal | Entry: False | Exit: False | Pos: False
2026-01-12 15:33:33,538 | INFO |    💵 Equity: $100,000.00
2026-01-12 15:34:07,572 | INFO | ⏳ Sin señal | Entry: False | Exit: False | Pos: False
2026-01-12 15:34:08,074 | INFO |    💵 Equity: $100,000.00
2026-01-12 15:34:34,095 | INFO | ⏳ Sin señal | Entry: False | Exit: False | Pos: False
2026-01-12 15:34:34,596 | INFO |    💵 Equity: $100,000.00
2026-01-12 15:35:08,599 | INFO | ⏳ Sin señal | Entry: False | Exit: False | Pos: False
2026-01-12 15:35:09,101 | INFO |    💵 Equity: $100,000.00
2026-01-12 15:35:35,085 | INFO | ⏳ Sin señal | Entry: False | Exit: False | Pos: False
2026-01-12 15:35:35,587 | INFO |    💵 Equity: $100,000.00
2026-01-12 15:36:09,615 | INFO | ⏳ Sin señal | Entry: False | Exit: False | Pos: False
2026-01-12 15:36:10,016 | INFO |    💵 Equity: $100,000.00
2026-01-12 15:36:36,053 | INFO | ⏳ Sin señal | Entry: False | Exit: False | Pos: False
2026-01-12 15:36:36,555 | INFO |    💵 Equity: $100,000.00
2026-01-12 15:37:10,538 | INFO | ⏳ Sin señal | Entry: False | Exit: False | Pos: False
2026-01-12 15:37:11,040 | INFO |    💵 Equity: $100,000.00
2026-01-12 15:37:37,080 | INFO | ⏳ Sin señal | Entry: False | Exit: False | Pos: False
2026-01-12 15:37:37,582 | INFO |    💵 Equity: $100,000.00
2026-01-12 15:38:12,106 | INFO | ⏳ Sin señal | Entry: False | Exit: False | Pos: False
2026-01-12 15:38:12,607 | INFO |    💵 Equity: $100,000.00
2026-01-12 15:38:38,049 | INFO | ⏳ Sin señal | Entry: False | Exit: False | Pos: False
2026-01-12 15:38:38,552 | INFO |    💵 Equity: $100,000.00
2026-01-12 15:39:13,521 | INFO | ⏳ Sin señal | Entry: False | Exit: False | Pos: False
2026-01-12 15:39:14,022 | INFO |    💵 Equity: $100,000.00
2026-01-12 15:39:39,112 | INFO | ⏳ Sin señal | Entry: False | Exit: False | Pos: False
2026-01-12 15:39:39,613 | INFO |    💵 Equity: $100,000.00
2026-01-12 15:40:14,563 | INFO | ⏳ Sin señal | Entry: False | Exit: False | Pos: False
2026-01-12 15:40:15,065 | INFO |    💵 Equity: $100,000.00
2026-01-12 15:40:40,070 | INFO | ⏳ Sin señal | Entry: False | Exit: False | Pos: False
2026-01-12 15:40:40,572 | INFO |    💵 Equity: $100,000.00
2026-01-12 15:41:16,079 | INFO | ⏳ Sin señal | Entry: False | Exit: False | Pos: False
2026-01-12 15:41:16,581 | INFO |    💵 Equity: $100,000.00
2026-01-12 15:41:41,034 | INFO | ⏳ Sin señal | Entry: False | Exit: False | Pos: False
2026-01-12 15:41:41,537 | INFO |    💵 Equity: $100,000.00
2026-01-12 15:42:17,102 | INFO | ⏳ Sin señal | Entry: False | Exit: False | Pos: False
2026-01-12 15:42:17,604 | INFO |    💵 Equity: $100,000.00
2026-01-12 15:42:42,109 | INFO | ⏳ Sin señal | Entry: False | Exit: False | Pos: False
2026-01-12 15:42:42,611 | INFO |    💵 Equity: $100,000.00
2026-01-12 15:43:18,527 | INFO | ⏳ Sin señal | Entry: False | Exit: False | Pos: False
2026-01-12 15:43:19,029 | INFO |    💵 Equity: $100,000.00
2026-01-12 15:43:43,080 | INFO | ⏳ Sin señal | Entry: False | Exit: False | Pos: False
2026-01-12 15:43:43,584 | INFO |    💵 Equity: $100,000.00
2026-01-12 15:44:20,078 | INFO | ⏳ Sin señal | Entry: False | Exit: False | Pos: False
2026-01-12 15:44:20,579 | INFO |    💵 Equity: $100,000.00
2026-01-12 15:44:44,056 | INFO | ⏳ Sin señal | Entry: False | Exit: False | Pos: False
2026-01-12 15:44:44,558 | INFO |    💵 Equity: $100,000.00
2026-01-12 15:45:21,090 | INFO | ⏳ Sin señal | Entry: False | Exit: False | Pos: False
2026-01-12 15:45:21,592 | INFO |    💵 Equity: $100,000.00
2026-01-12 15:45:45,021 | INFO | ⏳ Sin señal | Entry: False | Exit: False | Pos: False
2026-01-12 15:45:45,522 | INFO |    💵 Equity: $100,000.00
2026-01-12 15:46:22,033 | INFO | ⏳ Sin señal | Entry: False | Exit: False | Pos: False
2026-01-12 15:46:22,535 | INFO |    💵 Equity: $100,000.00
2026-01-12 15:46:46,090 | INFO | ⏳ Sin señal | Entry: False | Exit: False | Pos: False
2026-01-12 15:46:46,593 | INFO |    💵 Equity: $100,000.00
2026-01-12 15:47:25,606 | INFO | ⏳ Sin señal | Entry: False | Exit: False | Pos: False
2026-01-12 15:47:26,111 | INFO |    💵 Equity: $100,000.00
2026-01-12 15:47:47,536 | INFO | ⏳ Sin señal | Entry: False | Exit: False | Pos: False
2026-01-12 15:47:48,038 | INFO |    💵 Equity: $100,000.00
2026-01-12 15:48:27,053 | INFO | ⏳ Sin señal | Entry: False | Exit: False | Pos: False
2026-01-12 15:48:27,555 | INFO |    💵 Equity: $100,000.00
2026-01-12 15:49:25,727 | INFO | ⏳ Sin señal | Entry: False | Exit: False | Pos: False
2026-01-12 15:49:26,145 | INFO |    💵 Equity: $100,000.00
2026-01-12 15:49:28,119 | INFO | ⏳ Sin señal | Entry: False | Exit: False | Pos: False
2026-01-12 15:49:28,620 | INFO |    💵 Equity: $100,000.00
2026-01-12 15:50:26,705 | INFO | ⏳ Sin señal | Entry: False | Exit: False | Pos: False
2026-01-12 15:50:27,206 | INFO |    💵 Equity: $100,000.00
2026-01-12 15:50:30,140 | INFO | ⏳ Sin señal | Entry: False | Exit: False | Pos: False
2026-01-12 15:50:30,641 | INFO |    💵 Equity: $100,000.00
2026-01-12 15:51:27,678 | INFO | ⏳ Sin señal | Entry: False | Exit: False | Pos: False
2026-01-12 15:51:28,180 | INFO |    💵 Equity: $100,000.00
2026-01-12 15:51:31,168 | INFO | ⏳ Sin señal | Entry: False | Exit: False | Pos: False
2026-01-12 15:51:31,669 | INFO |    💵 Equity: $100,000.00
2026-01-12 15:52:28,657 | INFO | ⏳ Sin señal | Entry: False | Exit: False | Pos: False
2026-01-12 15:52:29,158 | INFO |    💵 Equity: $100,000.00
2026-01-12 15:52:32,146 | INFO | ⏳ Sin señal | Entry: False | Exit: False | Pos: False
2026-01-12 15:52:32,647 | INFO |    💵 Equity: $100,000.00
2026-01-12 15:53:29,720 | INFO | ⏳ Sin señal | Entry: False | Exit: False | Pos: False
2026-01-12 15:53:30,221 | INFO |    💵 Equity: $100,000.00
2026-01-12 15:53:33,156 | INFO | ⏳ Sin señal | Entry: False | Exit: False | Pos: False
2026-01-12 15:53:33,657 | INFO |    💵 Equity: $100,000.00
2026-01-12 15:54:30,702 | INFO | ⏳ Sin señal | Entry: False | Exit: False | Pos: False
2026-01-12 15:54:31,203 | INFO |    💵 Equity: $100,000.00
2026-01-12 15:54:34,202 | INFO | ⏳ Sin señal | Entry: False | Exit: False | Pos: False
2026-01-12 15:54:34,704 | INFO |    💵 Equity: $100,000.00
2026-01-12 15:55:31,661 | INFO | ⏳ Sin señal | Entry: False | Exit: False | Pos: False
2026-01-12 15:55:32,162 | INFO |    💵 Equity: $100,000.00
2026-01-12 15:55:35,209 | INFO | ⏳ Sin señal | Entry: False | Exit: False | Pos: False
2026-01-12 15:55:35,710 | INFO |    💵 Equity: $100,000.00
2026-01-12 15:56:32,630 | INFO | ⏳ Sin señal | Entry: False | Exit: False | Pos: False
2026-01-12 15:56:33,132 | INFO |    💵 Equity: $100,000.00
2026-01-12 15:56:36,630 | INFO | ⏳ Sin señal | Entry: False | Exit: False | Pos: False
2026-01-12 15:56:37,132 | INFO |    💵 Equity: $100,000.00
2026-01-12 15:57:33,692 | INFO | ⏳ Sin señal | Entry: False | Exit: False | Pos: False
2026-01-12 15:57:34,193 | INFO |    💵 Equity: $100,000.00
2026-01-12 15:57:37,661 | INFO | ⏳ Sin señal | Entry: False | Exit: False | Pos: False
2026-01-12 15:57:38,163 | INFO |    💵 Equity: $100,000.00
2026-01-12 15:58:34,681 | INFO | ⏳ Sin señal | Entry: False | Exit: False | Pos: False
2026-01-12 15:58:35,183 | INFO |    💵 Equity: $100,000.00
2026-01-12 15:58:39,215 | INFO | ⏳ Sin señal | Entry: False | Exit: False | Pos: False
2026-01-12 15:58:39,718 | INFO |    💵 Equity: $100,000.00
2026-01-12 15:59:35,662 | INFO | ⏳ Sin señal | Entry: False | Exit: False | Pos: False
2026-01-12 15:59:36,163 | INFO |    💵 Equity: $100,000.00
2026-01-12 15:59:40,173 | INFO | ⏳ Sin señal | Entry: False | Exit: False | Pos: False
2026-01-12 15:59:40,675 | INFO |    💵 Equity: $100,000.00
2026-01-12 16:00:36,721 | INFO | ⏳ Sin señal | Entry: False | Exit: False | Pos: False
2026-01-12 16:00:37,224 | INFO |    💵 Equity: $100,000.00
2026-01-12 16:00:41,652 | INFO | ⏳ Sin señal | Entry: False | Exit: False | Pos: False
2026-01-12 16:00:42,153 | INFO |    💵 Equity: $100,000.00
2026-01-12 16:01:37,720 | INFO | ⏳ Sin señal | Entry: False | Exit: False | Pos: False
2026-01-12 16:01:38,222 | INFO |    💵 Equity: $100,000.00
2026-01-12 16:01:42,709 | INFO | ⏳ Sin señal | Entry: False | Exit: False | Pos: False
2026-01-12 16:01:43,211 | INFO |    💵 Equity: $100,000.00
2026-01-12 16:02:38,675 | INFO | ⏳ Sin señal | Entry: False | Exit: False | Pos: False
2026-01-12 16:02:39,176 | INFO |    💵 Equity: $100,000.00
2026-01-12 16:02:44,137 | INFO | ⏳ Sin señal | Entry: False | Exit: False | Pos: False
2026-01-12 16:02:44,639 | INFO |    💵 Equity: $100,000.00
2026-01-12 16:03:39,658 | INFO | ⏳ Sin señal | Entry: False | Exit: False | Pos: False
2026-01-12 16:03:40,159 | INFO |    💵 Equity: $100,000.00
2026-01-12 16:03:45,167 | INFO | ⏳ Sin señal | Entry: False | Exit: False | Pos: False
2026-01-12 16:03:45,668 | INFO |    💵 Equity: $100,000.00
2026-01-12 16:04:40,622 | INFO | ⏳ Sin señal | Entry: False | Exit: False | Pos: False
2026-01-12 16:04:41,123 | INFO |    💵 Equity: $100,000.00
2026-01-12 16:04:46,184 | INFO | ⏳ Sin señal | Entry: False | Exit: False | Pos: False
2026-01-12 16:04:46,685 | INFO |    💵 Equity: $100,000.00
2026-01-12 16:05:41,700 | INFO | ⏳ Sin señal | Entry: False | Exit: False | Pos: False
2026-01-12 16:05:42,202 | INFO |    💵 Equity: $100,000.00
2026-01-12 16:05:47,149 | INFO | ⏳ Sin señal | Entry: False | Exit: False | Pos: False
2026-01-12 16:05:47,650 | INFO |    💵 Equity: $100,000.00
2026-01-12 16:06:43,143 | INFO | ⏳ Sin señal | Entry: False | Exit: False | Pos: False
2026-01-12 16:06:43,646 | INFO |    💵 Equity: $100,000.00
2026-01-12 16:06:48,645 | INFO | ⏳ Sin señal | Entry: False | Exit: False | Pos: False
2026-01-12 16:06:49,146 | INFO |    💵 Equity: $100,000.00
2026-01-12 16:07:44,699 | INFO | ⏳ Sin señal | Entry: False | Exit: False | Pos: False
2026-01-12 16:07:45,201 | INFO |    💵 Equity: $100,000.00
2026-01-12 16:07:50,159 | INFO | ⏳ Sin señal | Entry: False | Exit: False | Pos: False
2026-01-12 16:07:50,660 | INFO |    💵 Equity: $100,000.00
2026-01-12 16:08:46,146 | INFO | ⏳ Sin señal | Entry: False | Exit: False | Pos: False
2026-01-12 16:08:46,647 | INFO |    💵 Equity: $100,000.00
2026-01-12 16:08:51,692 | INFO | ⏳ Sin señal | Entry: False | Exit: False | Pos: False
2026-01-12 16:08:52,194 | INFO |    💵 Equity: $100,000.00
2026-01-12 16:09:47,184 | INFO | ⏳ Sin señal | Entry: False | Exit: False | Pos: False
2026-01-12 16:09:47,685 | INFO |    💵 Equity: $100,000.00
2026-01-12 16:09:53,140 | INFO | ⏳ Sin señal | Entry: False | Exit: False | Pos: False
2026-01-12 16:09:53,642 | INFO |    💵 Equity: $100,000.00
2026-01-12 16:10:48,631 | INFO | ⏳ Sin señal | Entry: False | Exit: False | Pos: False
2026-01-12 16:10:49,133 | INFO |    💵 Equity: $100,000.00
2026-01-12 16:10:54,165 | INFO | ⏳ Sin señal | Entry: False | Exit: False | Pos: False
2026-01-12 16:10:54,667 | INFO |    💵 Equity: $100,000.00
2026-01-12 16:11:49,695 | INFO | ⏳ Sin señal | Entry: False | Exit: False | Pos: False
2026-01-12 16:11:50,197 | INFO |    💵 Equity: $100,000.00
2026-01-12 16:11:56,624 | INFO | ⏳ Sin señal | Entry: False | Exit: False | Pos: False
2026-01-12 16:11:57,126 | INFO |    💵 Equity: $100,000.00
2026-01-12 16:12:50,664 | INFO | ⏳ Sin señal | Entry: False | Exit: False | Pos: False
2026-01-12 16:12:51,166 | INFO |    💵 Equity: $100,000.00
2026-01-12 16:12:57,639 | INFO | ⏳ Sin señal | Entry: False | Exit: False | Pos: False
2026-01-12 16:12:58,141 | INFO |    💵 Equity: $100,000.00
2026-01-12 16:13:51,626 | INFO | ⏳ Sin señal | Entry: False | Exit: False | Pos: False
2026-01-12 16:13:52,127 | INFO |    💵 Equity: $100,000.00
2026-01-12 16:13:58,689 | INFO | ⏳ Sin señal | Entry: False | Exit: False | Pos: False
2026-01-12 16:13:59,191 | INFO |    💵 Equity: $100,000.00
2026-01-12 16:14:53,207 | INFO | ⏳ Sin señal | Entry: False | Exit: False | Pos: False
2026-01-12 16:14:53,708 | INFO |    💵 Equity: $100,000.00
2026-01-12 16:14:59,706 | INFO | ⏳ Sin señal | Entry: False | Exit: False | Pos: False
2026-01-12 16:15:00,208 | INFO |    💵 Equity: $100,000.00
2026-01-12 16:15:54,626 | INFO | ⏳ Sin señal | Entry: False | Exit: False | Pos: False
2026-01-12 16:15:55,127 | INFO |    💵 Equity: $100,000.00
2026-01-12 16:16:00,677 | INFO | ⏳ Sin señal | Entry: False | Exit: False | Pos: False
2026-01-12 16:16:01,178 | INFO |    💵 Equity: $100,000.00
2026-01-12 16:16:55,680 | INFO | ⏳ Sin señal | Entry: False | Exit: False | Pos: False
2026-01-12 16:16:56,182 | INFO |    💵 Equity: $100,000.00
2026-01-12 16:17:01,655 | INFO | ⏳ Sin señal | Entry: False | Exit: False | Pos: False
2026-01-12 16:17:02,156 | INFO |    💵 Equity: $100,000.00
2026-01-12 16:17:56,629 | INFO | ⏳ Sin señal | Entry: False | Exit: False | Pos: False
2026-01-12 16:17:57,130 | INFO |    💵 Equity: $100,000.00
2026-01-12 16:18:02,684 | INFO | ⏳ Sin señal | Entry: False | Exit: False | Pos: False
2026-01-12 16:18:03,186 | INFO |    💵 Equity: $100,000.00
2026-01-12 16:18:57,681 | INFO | ⏳ Sin señal | Entry: False | Exit: False | Pos: False
2026-01-12 16:18:58,183 | INFO |    💵 Equity: $100,000.00
2026-01-12 16:19:04,136 | INFO | ⏳ Sin señal | Entry: False | Exit: False | Pos: False
2026-01-12 16:19:04,637 | INFO |    💵 Equity: $100,000.00
2026-01-12 16:20:05,150 | INFO | ⏳ Sin señal | Entry: False | Exit: False | Pos: False
2026-01-12 16:20:05,651 | INFO |    💵 Equity: $100,000.00
2026-01-12 16:20:08,152 | INFO | ⏳ Sin señal | Entry: False | Exit: False | Pos: False
2026-01-12 16:20:08,654 | INFO |    💵 Equity: $100,000.00
2026-01-12 16:21:06,176 | INFO | ⏳ Sin señal | Entry: False | Exit: False | Pos: False
2026-01-12 16:21:06,677 | INFO |    💵 Equity: $100,000.00
2026-01-12 16:21:09,192 | INFO | ⏳ Sin señal | Entry: False | Exit: False | Pos: False
2026-01-12 16:21:09,694 | INFO |    💵 Equity: $100,000.00
2026-01-12 16:22:07,221 | INFO | ⏳ Sin señal | Entry: False | Exit: False | Pos: False
2026-01-12 16:22:07,622 | INFO |    💵 Equity: $100,000.00
2026-01-12 16:22:10,636 | INFO | ⏳ Sin señal | Entry: False | Exit: False | Pos: False
2026-01-12 16:22:11,138 | INFO |    💵 Equity: $100,000.00
2026-01-12 16:23:09,136 | INFO | ⏳ Sin señal | Entry: False | Exit: False | Pos: False
2026-01-12 16:23:09,637 | INFO |    💵 Equity: $100,000.00
2026-01-12 16:23:11,657 | INFO | ⏳ Sin señal | Entry: False | Exit: False | Pos: False
2026-01-12 16:23:12,158 | INFO |    💵 Equity: $100,000.00
2026-01-12 16:24:10,173 | INFO | ⏳ Sin señal | Entry: False | Exit: False | Pos: False
2026-01-12 16:24:10,674 | INFO |    💵 Equity: $100,000.00
2026-01-12 16:24:14,676 | INFO | ⏳ Sin señal | Entry: False | Exit: False | Pos: False
2026-01-12 16:24:15,177 | INFO |    💵 Equity: $100,000.00
2026-01-12 16:25:11,698 | INFO | ⏳ Sin señal | Entry: False | Exit: False | Pos: False
2026-01-12 16:25:12,201 | INFO |    💵 Equity: $100,000.00
2026-01-12 16:25:16,212 | INFO | ⏳ Sin señal | Entry: False | Exit: False | Pos: False
2026-01-12 16:25:16,713 | INFO |    💵 Equity: $100,000.00
2026-01-12 16:26:12,660 | INFO | ⏳ Sin señal | Entry: False | Exit: False | Pos: False
2026-01-12 16:26:13,161 | INFO |    💵 Equity: $100,000.00
2026-01-12 16:26:17,173 | INFO | ⏳ Sin señal | Entry: False | Exit: False | Pos: False
2026-01-12 16:26:17,674 | INFO |    💵 Equity: $100,000.00
2026-01-12 16:27:13,703 | INFO | ⏳ Sin señal | Entry: False | Exit: False | Pos: False
2026-01-12 16:27:14,204 | INFO |    💵 Equity: $100,000.00
2026-01-12 16:27:19,657 | INFO | ⏳ Sin señal | Entry: False | Exit: False | Pos: False
2026-01-12 16:27:20,158 | INFO |    💵 Equity: $100,000.00
2026-01-12 16:28:15,159 | INFO | ⏳ Sin señal | Entry: False | Exit: False | Pos: False
2026-01-12 16:28:15,661 | INFO |    💵 Equity: $100,000.00
2026-01-12 16:28:20,626 | INFO | ⏳ Sin señal | Entry: False | Exit: False | Pos: False
2026-01-12 16:28:21,127 | INFO |    💵 Equity: $100,000.00
2026-01-12 16:29:16,127 | INFO | ⏳ Sin señal | Entry: False | Exit: False | Pos: False
2026-01-12 16:29:16,629 | INFO |    💵 Equity: $100,000.00
2026-01-12 16:29:21,660 | INFO | ⏳ Sin señal | Entry: False | Exit: False | Pos: False
2026-01-12 16:29:22,161 | INFO |    💵 Equity: $100,000.00
2026-01-12 16:30:17,172 | INFO | ⏳ Sin señal | Entry: False | Exit: False | Pos: False
2026-01-12 16:30:17,674 | INFO |    💵 Equity: $100,000.00
2026-01-12 16:30:32,701 | INFO | ⏳ Sin señal | Entry: False | Exit: False | Pos: False
2026-01-12 16:30:33,202 | INFO |    💵 Equity: $100,000.00
2026-01-12 16:31:18,138 | INFO | ⏳ Sin señal | Entry: False | Exit: False | Pos: False
2026-01-12 16:31:18,639 | INFO |    💵 Equity: $100,000.00
2026-01-12 16:31:34,146 | INFO | ⏳ Sin señal | Entry: False | Exit: False | Pos: False
2026-01-12 16:31:34,647 | INFO |    💵 Equity: $100,000.00
2026-01-12 16:32:19,199 | INFO | ⏳ Sin señal | Entry: False | Exit: False | Pos: False
2026-01-12 16:32:19,701 | INFO |    💵 Equity: $100,000.00
2026-01-12 16:32:35,117 | INFO | ⏳ Sin señal | Entry: False | Exit: False | Pos: False
2026-01-12 16:32:35,719 | INFO |    💵 Equity: $100,000.00
2026-01-12 16:33:20,633 | INFO | ⏳ Sin señal | Entry: False | Exit: False | Pos: False
2026-01-12 16:33:21,135 | INFO |    💵 Equity: $100,000.00
2026-01-12 16:33:36,671 | INFO | ⏳ Sin señal | Entry: False | Exit: False | Pos: False
2026-01-12 16:33:37,172 | INFO |    💵 Equity: $100,000.00
2026-01-12 16:34:21,660 | INFO | ⏳ Sin señal | Entry: False | Exit: False | Pos: False
2026-01-12 16:34:22,161 | INFO |    💵 Equity: $100,000.00
2026-01-12 16:34:38,141 | INFO | ⏳ Sin señal | Entry: False | Exit: False | Pos: False
2026-01-12 16:34:38,643 | INFO |    💵 Equity: $100,000.00
2026-01-12 16:35:22,676 | INFO | ⏳ Sin señal | Entry: False | Exit: False | Pos: False
2026-01-12 16:35:23,177 | INFO |    💵 Equity: $100,000.00
